2025-01-29 21:14:14.329 | INFO     | utils_logger:<module>:41 - Logging to file: logs\project_log.log
2025-01-29 21:14:14.329 | INFO     | __main__:main:90 - Starting CSV fetch demonstration...
2025-01-29 21:14:14.330 | INFO     | __main__:fetch_csv_file:49 - Fetching CSV data from https://raw.githubusercontent.com/abeaderstadt/datafun-03-analytics/refs/heads/main/netflix_titles.csv...
2025-01-29 21:14:15.061 | INFO     | __main__:write_csv_file:73 - Writing CSV data to beaderstadt_data\netflix_movies.csv...
2025-01-29 21:17:26.331 | INFO     | utils_logger:<module>:41 - Logging to file: logs\project_log.log
2025-01-29 21:17:26.352 | INFO     | __main__:main:90 - Starting CSV fetch demonstration...
2025-01-29 21:17:26.352 | INFO     | __main__:fetch_csv_file:49 - Fetching CSV data from https://raw.githubusercontent.com/abeaderstadt/datafun-03-analytics/refs/heads/main/netflix_titles.csv...
2025-01-29 21:17:26.571 | INFO     | __main__:write_csv_file:73 - Writing CSV data to beaderstadt_data\netflix_movies.csv...
2025-01-29 21:17:26.591 | INFO     | __main__:write_csv_file:77 - SUCCESS: CSV data written to beaderstadt_data\netflix_movies.csv
2025-01-29 21:17:26.592 | INFO     | __main__:fetch_csv_file:53 - SUCCESS: CSV file fetched and saved as netflix_movies.csv
2025-01-29 22:00:28.777 | INFO     | utils_logger:<module>:41 - Logging to file: logs\project_log.log
2025-01-29 22:00:28.778 | INFO     | __main__:main:93 - Starting Excel fetch demonstration...
2025-01-29 22:00:28.778 | INFO     | __main__:fetch_excel_file:52 - Fetching Excel data from https://raw.githubusercontent.com/abeaderstadt/datafun-03-analytics/main/FastFoodNutrition.xlsx...
2025-01-29 22:00:29.551 | INFO     | __main__:write_excel_file:76 - Writing Excel data to example_data\Fastfood_data.xlsx...
2025-01-29 22:00:29.555 | INFO     | __main__:write_excel_file:80 - SUCCESS: Excel data written to example_data\Fastfood_data.xlsx
2025-01-29 22:00:29.556 | INFO     | __main__:fetch_excel_file:56 - SUCCESS: Excel file fetched and saved as Fastfood_data.xlsx
2025-01-29 22:07:43.557 | INFO     | utils_logger:<module>:41 - Logging to file: logs\project_log.log
2025-01-29 22:07:43.558 | INFO     | __main__:main:93 - Starting Excel fetch demonstration...
2025-01-29 22:07:43.558 | INFO     | __main__:fetch_excel_file:52 - Fetching Excel data from https://raw.githubusercontent.com/abeaderstadt/datafun-03-analytics/main/FastFoodNutrition.xlsx...
2025-01-29 22:07:43.913 | INFO     | __main__:write_excel_file:76 - Writing Excel data to beaderstadt_data\Fastfood_data.xlsx...
2025-01-29 22:07:43.918 | INFO     | __main__:write_excel_file:80 - SUCCESS: Excel data written to beaderstadt_data\Fastfood_data.xlsx
2025-01-29 22:07:43.918 | INFO     | __main__:fetch_excel_file:56 - SUCCESS: Excel file fetched and saved as Fastfood_data.xlsx
